生成启动时间为 2020/9/29 9:29:29。
     1>项目“E:\c语言库\三子棋游戏\三子棋游戏\三子棋游戏.vcxproj”在节点 2 上(build 个目标)。
     1>InitializeBuildStatus:
         正在创建“Debug\三子棋游戏.unsuccessfulbuild”，因为已指定“AlwaysCreate”。
       ClCompile:
         C:\Program Files (x86)\Microsoft Visual Studio 10.0\VC\bin\CL.exe /c /ZI /nologo /W3 /WX- /Od /Oy- /D _UNICODE /D UNICODE /Gm /EHsc /RTC1 /MDd /GS /fp:precise /Zc:wchar_t /Zc:forScope /Fo"Debug\\" /Fd"Debug\vc100.pdb" /Gd /TC /analyze- /errorReport:prompt "函数定义.c"
         函数定义.c
     1>e:\c语言库\三子棋游戏\三子棋游戏\函数定义.c(59): warning C4996: 'scanf': This function or variable may be unsafe. Consider using scanf_s instead. To disable deprecation, use _CRT_SECURE_NO_WARNINGS. See online help for details.
                 c:\program files (x86)\microsoft visual studio 10.0\vc\include\stdio.h(304) : 参见“scanf”的声明
     1>e:\c语言库\三子棋游戏\三子棋游戏\函数定义.c(53): warning C4101: “l”: 未引用的局部变量
     1>e:\c语言库\三子棋游戏\三子棋游戏\函数定义.c(160): warning C4715: “is_win”: 不是所有的控件路径都返回值
       Link:
         C:\Program Files (x86)\Microsoft Visual Studio 10.0\VC\bin\link.exe /ERRORREPORT:PROMPT /OUT:"E:\c语言库\三子棋游戏\Debug\三子棋游戏.exe" /NOLOGO kernel32.lib user32.lib gdi32.lib winspool.lib comdlg32.lib advapi32.lib shell32.lib ole32.lib oleaut32.lib uuid.lib odbc32.lib odbccp32.lib /MANIFEST /ManifestFile:"Debug\三子棋游戏.exe.intermediate.manifest" /MANIFESTUAC:"level='asInvoker' uiAccess='false'" /DEBUG /PDB:"E:\c语言库\三子棋游戏\Debug\三子棋游戏.pdb" /SUBSYSTEM:CONSOLE /TLBID:1 /DYNAMICBASE /NXCOMPAT /IMPLIB:"E:\c语言库\三子棋游戏\Debug\三子棋游戏.lib" /MACHINE:X86 Debug\1.obj
         "Debug\函数定义.obj"
         "Debug\游戏.obj"
         LINK : 没有找到 E:\c语言库\三子棋游戏\Debug\三子棋游戏.exe 或上一个增量链接没有生成它；正在执行完全链接
         三子棋游戏.vcxproj -> E:\c语言库\三子棋游戏\Debug\三子棋游戏.exe
       Manifest:
         C:\Program Files (x86)\Microsoft SDKs\Windows\v7.0A\bin\mt.exe /nologo /verbose /outputresource:"E:\c语言库\三子棋游戏\Debug\三子棋游戏.exe;#1" /manifest "Debug\三子棋游戏.exe.intermediate.manifest"
       FinalizeBuildStatus:
         正在删除文件“Debug\三子棋游戏.unsuccessfulbuild”。
         正在对“Debug\三子棋游戏.lastbuildstate”执行 Touch 任务。
     1>已完成生成项目“E:\c语言库\三子棋游戏\三子棋游戏\三子棋游戏.vcxproj”(build 个目标)的操作。

生成成功。

已用时间 00:00:01.20
