生成启动时间为 2020/9/17 11:20:59。
     1>项目“E:\c语言库\酒店费用\酒店费用\酒店费用.vcxproj”在节点 2 上(build 个目标)。
     1>PrepareForBuild:
         正在创建目录“E:\c语言库\酒店费用\Debug\”。
       InitializeBuildStatus:
         正在创建“Debug\酒店费用.unsuccessfulbuild”，因为已指定“AlwaysCreate”。
       ClCompile:
         C:\Program Files (x86)\Microsoft Visual Studio 10.0\VC\bin\CL.exe /c /ZI /nologo /W3 /WX- /Od /Oy- /D _UNICODE /D UNICODE /Gm /EHsc /RTC1 /MDd /GS /fp:precise /Zc:wchar_t /Zc:forScope /Fo"Debug\\" /Fd"Debug\vc100.pdb" /Gd /TC /analyze- /errorReport:prompt 1.c "酒店费用.c"
         酒店费用.c
         1.c
     1>e:\c语言库\酒店费用\酒店费用\1.c(15): warning C4996: 'scanf': This function or variable may be unsafe. Consider using scanf_s instead. To disable deprecation, use _CRT_SECURE_NO_WARNINGS. See online help for details.
                 c:\program files (x86)\microsoft visual studio 10.0\vc\include\stdio.h(304) : 参见“scanf”的声明
     1>e:\c语言库\酒店费用\酒店费用\1.c(18): warning C4996: 'scanf': This function or variable may be unsafe. Consider using scanf_s instead. To disable deprecation, use _CRT_SECURE_NO_WARNINGS. See online help for details.
                 c:\program files (x86)\microsoft visual studio 10.0\vc\include\stdio.h(304) : 参见“scanf”的声明
     1>e:\c语言库\酒店费用\酒店费用\1.c(30): warning C4996: 'scanf': This function or variable may be unsafe. Consider using scanf_s instead. To disable deprecation, use _CRT_SECURE_NO_WARNINGS. See online help for details.
                 c:\program files (x86)\microsoft visual studio 10.0\vc\include\stdio.h(304) : 参见“scanf”的声明
     1>e:\c语言库\酒店费用\酒店费用\1.c(32): warning C4996: 'scanf': This function or variable may be unsafe. Consider using scanf_s instead. To disable deprecation, use _CRT_SECURE_NO_WARNINGS. See online help for details.
                 c:\program files (x86)\microsoft visual studio 10.0\vc\include\stdio.h(304) : 参见“scanf”的声明
         正在生成代码...
       Link:
         C:\Program Files (x86)\Microsoft Visual Studio 10.0\VC\bin\link.exe /ERRORREPORT:PROMPT /OUT:"E:\c语言库\酒店费用\Debug\酒店费用.exe" /NOLOGO kernel32.lib user32.lib gdi32.lib winspool.lib comdlg32.lib advapi32.lib shell32.lib ole32.lib oleaut32.lib uuid.lib odbc32.lib odbccp32.lib /MANIFEST /ManifestFile:"Debug\酒店费用.exe.intermediate.manifest" /MANIFESTUAC:"level='asInvoker' uiAccess='false'" /DEBUG /PDB:"E:\c语言库\酒店费用\Debug\酒店费用.pdb" /SUBSYSTEM:CONSOLE /TLBID:1 /DYNAMICBASE /NXCOMPAT /IMPLIB:"E:\c语言库\酒店费用\Debug\酒店费用.lib" /MACHINE:X86 Debug\1.obj
         "Debug\酒店费用.obj"
         酒店费用.vcxproj -> E:\c语言库\酒店费用\Debug\酒店费用.exe
       Manifest:
         C:\Program Files (x86)\Microsoft SDKs\Windows\v7.0A\bin\mt.exe /nologo /verbose /outputresource:"E:\c语言库\酒店费用\Debug\酒店费用.exe;#1" /manifest "Debug\酒店费用.exe.intermediate.manifest"
       FinalizeBuildStatus:
         正在删除文件“Debug\酒店费用.unsuccessfulbuild”。
         正在对“Debug\酒店费用.lastbuildstate”执行 Touch 任务。
     1>已完成生成项目“E:\c语言库\酒店费用\酒店费用\酒店费用.vcxproj”(build 个目标)的操作。

生成成功。

已用时间 00:00:01.34
